<?xml version="1.0" encoding="UTF-8"?>
<!-- Generated by org.testng.reporters.JUnitReportReporter -->
<testsuite hostname="CIN10145L" failures="0" tests="2" name="com.yourcompany.YourSeleniumTest" time="1.010" errors="0" timestamp="2024-09-15T08:38:30 IST" skipped="0">
  <testcase classname="com.yourcompany.YourSeleniumTest" name="testExample" time="1.003"/>
  <system-out/>
  <testcase classname="com.yourcompany.YourSeleniumTest" name="url" time="0.007"/>
  <system-out/>
</testsuite> <!-- com.yourcompany.YourSeleniumTest -->
